E0C88 assembler v1.2 r3                 SN00000000-061 (c) 2000 TASKING, Inc.
                                                                                                                            Page   1
C:\M851\app\deadline\build\param.asm
ADDR   CODE      LINE SOURCELINE
                   2 
                   3 ; ********************************************************************
                   4 ; *
                   5 ; * M851 WRISTAPP BUILDER
                   6 ; * Timex Corporation 2002 All Rights Reserved
                   7 ; * July 2002
                   8 ; *
                   9 ; * WristApp: deadline
                  10 ; *
                  11 ; ********************************************************************
                  12 
                  13 
                  88 
                  90 
                  93 
                  94      ;;;;;;;;;;;;;;;;;;;;;;;;;;;;;;;;;;;;;;;;;;;;;;;;;;;;;;;;;;;
                  95      ;
                  96      ; ADD WRISTAPP PARAMETER FILE
                  97      ;
                  98      ;;;;;;;;;;;;;;;;;;;;;;;;;;;;;;;;;;;;;;;;;;;;;;;;;;;;;;;;;;;
                  99 
                 100     INCLUDE 'C:\M851\App\deadline\src\dlnpor.asm'
                   1 ;;;;;;;;;;;;;;;;;;;;;;;;;;;;;;;;;;;;;;;;;;;;;;;;;;;;;;;;;;;;;;;;;;;;;;;;;;;;;;
                   2 ;
                   3 ; File Name    : dlnpor.asm
                   4 ; Purpose      : deadline parameter file
                   5 ;
                   6 ;;;;;;;;;;;;;;;;;;;;;;;;;;;;;;;;;;;;;;;;;;;;;;;;;;;;;;;;;;;;;;;;;;;;;;;;;;;;;;;
                   7 
                   9 
00F5F4            10 dlnwaPORInitializationParameters:
                  11 
                  12                 ;============================================================
                  13                 ; ACB offset mask.
                  14                 ;============================================================
                  15 
                  16                 ; Application System Data is located in heap.
                  17                 ; Other ACB entries are located either in ROM or EEPROM.
                  18 
00F5F4 01         19                 db      bCOREAppSystemDataOffset
                  20 
                  21 
                  22                 ;============================================================
                  23                 ; Number of resources required.
                  24                 ;============================================================
                  25 
00F5F5 00         26                 db      00h                         ; TOD
00F5F6 00         27                 db      00h                         ; Backup
00F5F7 01         28                 db      01h                         ; Time Zone Check
00F5F8 00         29                 db      00h                         ; Timer Resource
00F5F9 00         30                 db      00h                         ; Stopwatch Resource
00F5FA 00         31                 db      00h                         ; Synchro Timer Resource
                  32 
                  33                 ;============================================================
                  34                 ; Flag(s) ownership.
                  35                 ;============================================================
                  36 
00F5FB 00         37                 db      0                           ; LCD Flags 1
00F5FC 00         38                 db      0                           ; LCD Flags 2
                  39 
                  40                 ;============================================================
                  41                 ; Heap size requirements.
E0C88 assembler v1.2 r3                 SN00000000-061 (c) 2000 TASKING, Inc.
                                                                                                                            Page   2

ADDR   CODE      LINE SOURCELINE
                  42                 ;============================================================
                  43 
00F5FD 0000       44                 dw      0000H                           ; Code
00F5FF 0200       45                 dw      DLNSYSTEMDATASIZE               ; ASD
00F601 0000       46                 dw      0000H                           ; ADD
                  47                 ;============================================================
                  48                 ; Application Configuration Data Byte.
                  49                 ;============================================================
                  50 
00F603 06         51                 db      COREACDEEPROMAPP            ; Code is external.
                  52 
                  53                 ;============================================================
                  54                 ; Application Unique ID.
                  55                 ;============================================================
                  56 
00F604 DF         57                 db      COREAPPTYPEGENERIC          ; Application type
00F605 00         58                 db      00h                         ; Application instance number
                  59 
                  60                 ;============================================================
                  61                 ; ACB Parameters.
                  62                 ;============================================================
                  63 
00F606 0000       64                 dw      0000H                       ; ASD address offset.
00F608 0000       65                 dw      0000H                       ; ADD address offset.
00F60A F4F5       66                 dw      CODESTATEADDRESS            ; App state manager address (Absolute Address).
00F60C 1AF3       67                 dw      CODECOMMONADDRESS           ; App background handler address (Absolute Address).
                    
00F60E 4AF5       68                 dw      dlnBannerMsg                ; App mode name function address (Absolute Address).
                    
                 101 
                 102      ;;;;;;;;;;;;;;;;;;;;;;;;;;;;;;;;;;;;;;;;;;;;;;;;;;;;;;;;;;;
                 103      ;;;;;;;;;;;;;;;;;;;;;;;;;;;;;;;;;;;;;;;;;;;;;;;;;;;;;;;;;;;
                 104 
                 105 ;**END FILE PARAM.ASM

Section summary:

 NR ADDR   SIZE CYCLE NAME
  1 00F5F4 001c     0 .text
